<?xml version="1.0" encoding="UTF-8"?>
<testng-results skipped="0" failed="0" ignored="0" total="2" passed="2">
  <reporter-output>
  </reporter-output>
  <suite name="Default suite" duration-ms="78" started-at="2019-05-10T02:34:44Z" finished-at="2019-05-10T02:34:44Z">
    <groups>
    </groups>
    <test name="Default test" duration-ms="78" started-at="2019-05-10T02:34:44Z" finished-at="2019-05-10T02:34:44Z">
      <class name="top10.code.samples.PrintingTriangle">
        <test-method status="PASS" signature="startTimer()[pri:0, instance:top10.code.samples.PrintingTriangle@11053e1]" name="startTimer" is-config="true" duration-ms="15" started-at="2019-05-10T02:34:44Z" finished-at="2019-05-10T02:34:44Z">
          <reporter-output>
          </reporter-output>
        </test-method> <!-- startTimer -->
        <test-method status="PASS" signature="printingStar()[pri:1, instance:top10.code.samples.PrintingTriangle@11053e1]" name="printingStar" duration-ms="0" started-at="2019-05-10T02:34:44Z" finished-at="2019-05-10T02:34:44Z">
          <reporter-output>
          </reporter-output>
        </test-method> <!-- printingStar -->
        <test-method status="PASS" signature="endTimer()[pri:0, instance:top10.code.samples.PrintingTriangle@11053e1]" name="endTimer" is-config="true" duration-ms="0" started-at="2019-05-10T02:34:44Z" finished-at="2019-05-10T02:34:44Z">
          <reporter-output>
          </reporter-output>
        </test-method> <!-- endTimer -->
        <test-method status="PASS" signature="startTimer()[pri:0, instance:top10.code.samples.PrintingTriangle@11053e1]" name="startTimer" is-config="true" duration-ms="0" started-at="2019-05-10T02:34:44Z" finished-at="2019-05-10T02:34:44Z">
          <reporter-output>
          </reporter-output>
        </test-method> <!-- startTimer -->
        <test-method status="PASS" signature="endTimer()[pri:0, instance:top10.code.samples.PrintingTriangle@11053e1]" name="endTimer" is-config="true" duration-ms="0" started-at="2019-05-10T02:34:44Z" finished-at="2019-05-10T02:34:44Z">
          <reporter-output>
          </reporter-output>
        </test-method> <!-- endTimer -->
        <test-method status="PASS" signature="printNumber()[pri:2, instance:top10.code.samples.PrintingTriangle@11053e1]" name="printNumber" duration-ms="0" started-at="2019-05-10T02:34:44Z" finished-at="2019-05-10T02:34:44Z">
          <reporter-output>
          </reporter-output>
        </test-method> <!-- printNumber -->
      </class> <!-- top10.code.samples.PrintingTriangle -->
    </test> <!-- Default test -->
  </suite> <!-- Default suite -->
</testng-results>
