<?xml version="1.0" encoding="UTF-8"?>
<testng-results skipped="0" failed="3" ignored="0" total="3" passed="0">
  <reporter-output>
  </reporter-output>
  <suite name="Default suite" duration-ms="511" started-at="2019-04-13T07:20:25Z" finished-at="2019-04-13T07:20:26Z">
    <groups>
      <group name="cucumber">
        <method signature="AbstractTestNGCucumberTests.runScenario(cucumber.api.testng.PickleEventWrapper, cucumber.api.testng.CucumberFeatureWrapper)[pri:0, instance:execution.Runner@166e5bd]" name="runScenario" class="cucumber.api.testng.AbstractTestNGCucumberTests"/>
      </group> <!-- cucumber -->
    </groups>
    <test name="Default test" duration-ms="511" started-at="2019-04-13T07:20:25Z" finished-at="2019-04-13T07:20:26Z">
      <class name="execution.Runner">
        <test-method status="PASS" signature="setUpClass()[pri:0, instance:execution.Runner@166e5bd]" name="setUpClass" is-config="true" duration-ms="163" started-at="2019-04-13T07:20:25Z" finished-at="2019-04-13T07:20:25Z">
          <reporter-output>
          </reporter-output>
        </test-method> <!-- setUpClass -->
        <test-method status="FAIL" signature="runScenario(cucumber.api.testng.PickleEventWrapper, cucumber.api.testng.CucumberFeatureWrapper)[pri:0, instance:execution.Runner@166e5bd]" name="runScenario" duration-ms="207" started-at="2019-04-13T07:20:26Z" description="Runs Cucumber Scenarios" data-provider="scenarios" finished-at="2019-04-13T07:20:26Z">
          <params>
            <param index="0">
              <value>
                <![CDATA[": Postive flow for login"]]>
              </value>
            </param>
            <param index="1">
              <value>
                <![CDATA["Login for leaftaps"]]>
              </value>
            </param>
          </params>
          <exception class="java.lang.NullPointerException">
            <full-stacktrace>
              <![CDATA[java.lang.NullPointerException
at implementations.LoginFunctionality.enterUserName(LoginFunctionality.java:46)
at ✽.Enter Username as DemoSalesManager(src\main\java\features\LoginDataDriven.feature:6)
]]>
            </full-stacktrace>
          </exception> <!-- java.lang.NullPointerException -->
          <reporter-output>
          </reporter-output>
        </test-method> <!-- runScenario -->
        <test-method status="FAIL" signature="runScenario(cucumber.api.testng.PickleEventWrapper, cucumber.api.testng.CucumberFeatureWrapper)[pri:0, instance:execution.Runner@166e5bd]" name="runScenario" duration-ms="0" started-at="2019-04-13T07:20:26Z" description="Runs Cucumber Scenarios" data-provider="scenarios" finished-at="2019-04-13T07:20:26Z">
          <params>
            <param index="0">
              <value>
                <![CDATA[": Negative flow for login"]]>
              </value>
            </param>
            <param index="1">
              <value>
                <![CDATA["Login for leaftaps"]]>
              </value>
            </param>
          </params>
          <exception class="java.lang.NullPointerException">
            <full-stacktrace>
              <![CDATA[java.lang.NullPointerException
at implementations.LoginFunctionality.enterUserName(LoginFunctionality.java:46)
at ✽.Enter Username as DemoCSR(src\main\java\features\LoginDataDriven.feature:17)
]]>
            </full-stacktrace>
          </exception> <!-- java.lang.NullPointerException -->
          <reporter-output>
          </reporter-output>
        </test-method> <!-- runScenario -->
        <test-method status="FAIL" signature="runScenario(cucumber.api.testng.PickleEventWrapper, cucumber.api.testng.CucumberFeatureWrapper)[pri:0, instance:execution.Runner@166e5bd]" name="runScenario" duration-ms="0" started-at="2019-04-13T07:20:26Z" description="Runs Cucumber Scenarios" data-provider="scenarios" finished-at="2019-04-13T07:20:26Z">
          <params>
            <param index="0">
              <value>
                <![CDATA[": Postive flow for login"]]>
              </value>
            </param>
            <param index="1">
              <value>
                <![CDATA["Login for leaftaps"]]>
              </value>
            </param>
          </params>
          <exception class="java.lang.NullPointerException">
            <full-stacktrace>
              <![CDATA[java.lang.NullPointerException
at implementations.LoginFunctionality.enterUserName(LoginFunctionality.java:46)
at ✽.Enter Username as DemoCSR(src\main\java\features\LoginDataDriven.feature:28)
]]>
            </full-stacktrace>
          </exception> <!-- java.lang.NullPointerException -->
          <reporter-output>
          </reporter-output>
        </test-method> <!-- runScenario -->
        <test-method status="PASS" signature="tearDownClass()[pri:0, instance:execution.Runner@166e5bd]" name="tearDownClass" is-config="true" duration-ms="16" started-at="2019-04-13T07:20:26Z" finished-at="2019-04-13T07:20:26Z">
          <reporter-output>
          </reporter-output>
        </test-method> <!-- tearDownClass -->
      </class> <!-- execution.Runner -->
    </test> <!-- Default test -->
  </suite> <!-- Default suite -->
</testng-results>
