<?xml version="1.0" encoding="UTF-8"?>
<!-- Generated by org.testng.reporters.JUnitXMLReporter -->
<testsuite hostname="LAPTOP-MHTJ6FP0" ignored="0" name="Default test" tests="3" failures="3" timestamp="13 Apr 2019 07:20:26 GMT" time="0.511" errors="0">
  <testcase name="runScenario" time="0.207" classname="cucumber.api.testng.AbstractTestNGCucumberTests">
    <failure type="java.lang.NullPointerException">
      <![CDATA[java.lang.NullPointerException
at implementations.LoginFunctionality.enterUserName(LoginFunctionality.java:46)
at ✽.Enter Username as DemoSalesManager(src\main\java\features\LoginDataDriven.feature:6)
]]>
    </failure>
  </testcase> <!-- runScenario -->
  <testcase name="runScenario" time="0.0" classname="cucumber.api.testng.AbstractTestNGCucumberTests">
    <failure type="java.lang.NullPointerException">
      <![CDATA[java.lang.NullPointerException
at implementations.LoginFunctionality.enterUserName(LoginFunctionality.java:46)
at ✽.Enter Username as DemoCSR(src\main\java\features\LoginDataDriven.feature:17)
]]>
    </failure>
  </testcase> <!-- runScenario -->
  <testcase name="runScenario" time="0.0" classname="cucumber.api.testng.AbstractTestNGCucumberTests">
    <failure type="java.lang.NullPointerException">
      <![CDATA[java.lang.NullPointerException
at implementations.LoginFunctionality.enterUserName(LoginFunctionality.java:46)
at ✽.Enter Username as DemoCSR(src\main\java\features\LoginDataDriven.feature:28)
]]>
    </failure>
  </testcase> <!-- runScenario -->
</testsuite> <!-- Default test -->
